==============================================================================
Suites                                                                        
==============================================================================
Suites.04 Test Foure copy 3                                                   
==============================================================================
Test Conversion Unité                                                   
  Traceback (most recent call last):
    ~~~~~~~~~~~~~~~~~~~~~~~~~~~~~~~~~~~~~~~~~~~~~~~~~~~~~~~~~~~~~~~~~~~~~~~~~~
    File  C:\Users\khaba\OneDrive\Bureau\PY\Test-Automation-managements\Test_For_Tests\04_Test_Foure copy 3.robot:14
    T:  Test Conversion Unité    
    ~~~~~~~~~~~~~~~~~~~~~~~~~~~~~~~~~~~~~~~~~~~~~~~~~~~~~~~~~~~~~~~~~~~~~~~~~~
    File  C:\Users\khaba\OneDrive\Bureau\PY\Test-Automation-managements\Test_For_Tests\04_Test_Foure copy 3.robot:21
      Select From List By Label    ${UNIT_SELECTOR}    Meters
      |  ${UNIT_SELECTOR} = id=calFrom (str)
______________________________________________________________________________
| FAIL |
NoSuchElementException: Message: Could not locate element with visible text: Meters; For documentation on this error, please visit: https://www.selenium.dev/documentation/webdriver/troubleshooting/errors#no-such-element-exception
------------------------------------------------------------------------------
Suites.04 Test Foure copy 3                                           | FAIL |
1 test, 0 passed, 1 failed
==============================================================================
Suites                                                                | FAIL |
1 test, 0 passed, 1 failed
==============================================================================
Output:  C:\Users\khaba\OneDrive\Bureau\PY\Test-Automation-managements\Test_For_Tests\results\pabot_results\3\output.xml
