<?xml version="1.0" encoding="UTF-8"?>
<robot generator="Robot 7.0 (Python 3.12.3 on win32)" generated="2025-02-26T16:17:41.111473" rpa="false" schemaversion="5">
<suite id="s1" name="Suites">
<suite id="s1-s1" name="04 Test Foure copy 2" source="C:\Users\khaba\OneDrive\Bureau\PY\Test-Automation-managements\Test_For_Tests\04_Test_Foure copy 2.robot">
<test id="s1-s1-t1" name="Test Conversion UnitÃ©" line="14">
<kw name="Open Browser" owner="SeleniumLibrary">
<msg time="2025-02-26T16:17:41.715283" level="INFO">Opening browser 'Chrome' to base url 'https://www.unitconverters.net/'.</msg>
<msg time="2025-02-26T16:17:55.007718" level="WARN">Error sending stats to Plausible: error sending request for url (https://plausible.io/api/event)</msg>
<arg>${URL}</arg>
<arg>${BROWSER}</arg>
<doc>Opens a new browser instance to the optional ``url``.</doc>
<status status="PASS" start="2025-02-26T16:17:41.715283" elapsed="16.859862"/>
</kw>
<kw name="Maximize Browser Window" owner="SeleniumLibrary">
<doc>Maximizes current browser window.</doc>
<status status="PASS" start="2025-02-26T16:17:58.575145" elapsed="0.082186"/>
</kw>
<kw name="Wait Until Element Is Visible" owner="SeleniumLibrary">
<arg>${CATEGORY_LINK}</arg>
<arg>timeout=5s</arg>
<doc>Waits until the element ``locator`` is visible.</doc>
<status status="PASS" start="2025-02-26T16:17:58.657331" elapsed="0.085557"/>
</kw>
<kw name="Click Element" owner="SeleniumLibrary">
<msg time="2025-02-26T16:17:58.744645" level="INFO">Clicking element 'xpath=//a[text()='Length']'.</msg>
<arg>${CATEGORY_LINK}</arg>
<doc>Click the element identified by ``locator``.</doc>
<status status="PASS" start="2025-02-26T16:17:58.742888" elapsed="0.267790"/>
</kw>
<kw name="Wait Until Element Is Visible" owner="SeleniumLibrary">
<arg>${INPUT_FIELD}</arg>
<arg>timeout=5s</arg>
<doc>Waits until the element ``locator`` is visible.</doc>
<status status="PASS" start="2025-02-26T16:17:59.010678" elapsed="0.050656"/>
</kw>
<kw name="Input Text" owner="SeleniumLibrary">
<msg time="2025-02-26T16:17:59.064188" level="INFO">Typing text '10' into text field 'id=fromVal'.</msg>
<arg>${INPUT_FIELD}</arg>
<arg>10</arg>
<doc>Types the given ``text`` into the text field identified by ``locator``.</doc>
<status status="PASS" start="2025-02-26T16:17:59.064188" elapsed="0.285553"/>
</kw>
<kw name="Select From List By Label" owner="SeleniumLibrary">
<msg time="2025-02-26T16:17:59.349741" level="INFO">Selecting options from selection list 'id=calFrom' by label Meters.</msg>
<msg time="2025-02-26T16:17:59.755317" level="INFO" html="true">&lt;/td&gt;&lt;/tr&gt;&lt;tr&gt;&lt;td colspan="3"&gt;&lt;a href="selenium-screenshot-1.png"&gt;&lt;img src="selenium-screenshot-1.png" width="800px"&gt;&lt;/a&gt;</msg>
<msg time="2025-02-26T16:17:59.755317" level="FAIL">NoSuchElementException: Message: Could not locate element with visible text: Meters; For documentation on this error, please visit: https://www.selenium.dev/documentation/webdriver/troubleshooting/errors#no-such-element-exception
</msg>
<arg>${UNIT_SELECTOR}</arg>
<arg>Meters</arg>
<doc>Selects options from selection list ``locator`` by ``labels``.</doc>
<status status="FAIL" start="2025-02-26T16:17:59.349741" elapsed="0.493051">NoSuchElementException: Message: Could not locate element with visible text: Meters; For documentation on this error, please visit: https://www.selenium.dev/documentation/webdriver/troubleshooting/errors#no-such-element-exception
</status>
</kw>
<kw name="Select From List By Label" owner="SeleniumLibrary">
<arg>${TARGET_UNIT}</arg>
<arg>Kilometers</arg>
<doc>Selects options from selection list ``locator`` by ``labels``.</doc>
<status status="NOT RUN" start="2025-02-26T16:17:59.842792" elapsed="0.000000"/>
</kw>
<kw name="Sleep" owner="BuiltIn">
<arg>2s</arg>
<doc>Pauses the test executed for the given time.</doc>
<status status="NOT RUN" start="2025-02-26T16:17:59.842792" elapsed="0.002025"/>
</kw>
<kw name="Element Should Contain" owner="SeleniumLibrary">
<arg>${OUTPUT_FIELD}</arg>
<arg>0.01</arg>
<doc>Verifies that element ``locator`` contains text ``expected``.</doc>
<status status="NOT RUN" start="2025-02-26T16:17:59.844817" elapsed="0.000000"/>
</kw>
<kw name="Close Browser" owner="SeleniumLibrary" type="TEARDOWN">
<doc>Closes the current browser.</doc>
<status status="PASS" start="2025-02-26T16:17:59.844817" elapsed="2.266817"/>
</kw>
<status status="FAIL" start="2025-02-26T16:17:41.702982" elapsed="20.408652">NoSuchElementException: Message: Could not locate element with visible text: Meters; For documentation on this error, please visit: https://www.selenium.dev/documentation/webdriver/troubleshooting/errors#no-such-element-exception
</status>
</test>
<status status="FAIL" start="2025-02-26T16:17:41.202823" elapsed="20.911490"/>
</suite>
<status status="FAIL" start="2025-02-26T16:17:41.169941" elapsed="20.944372"/>
</suite>
<statistics>
<total>
<stat pass="0" fail="1" skip="0">All Tests</stat>
</total>
<tag>
</tag>
<suite>
<stat pass="0" fail="1" skip="0" id="s1" name="Suites">Suites</stat>
<stat pass="0" fail="1" skip="0" id="s1-s1" name="04 Test Foure copy 2">Suites.04 Test Foure copy 2</stat>
</suite>
</statistics>
<errors>
<msg time="2025-02-26T16:17:55.007718" level="WARN">Error sending stats to Plausible: error sending request for url (https://plausible.io/api/event)</msg>
</errors>
</robot>
